2016-12-16 06:35:37 [127.0.0.1][-][-][error][yii\i18n\PhpMessageSource::loadFallbackMessages] The message file for category 'yii' does not exist: /Applications/XAMPP/xamppfiles/htdocs/icand/vendor/yiisoft/yii2/messages/zn-CN/yii.php Fallback file does not exist as well: /Applications/XAMPP/xamppfiles/htdocs/icand/vendor/yiisoft/yii2/messages/zn/yii.php
    in /Applications/XAMPP/xamppfiles/htdocs/icand/views/layouts/main.php:71
    in /Applications/XAMPP/xamppfiles/htdocs/icand/controllers/SiteController.php:63
2016-12-16 06:35:37 [127.0.0.1][-][-][info][application] $_COOKIE = [
    'PHPSESSID' => 'glm8r71k04ous9i6esk066ng92'
    '_csrf' => 'c71f4cded87335507d4a70ed51487e1156738bb09fc8e48a63e2fc9bf9ccc997a:2:{i:0;s:5:\"_csrf\";i:1;s:32:\"TAVDlaMpUsRpqXjqZg1q4ji8BP2UOQ3j\";}'
]

$_SESSION = [
    '__flash' => []
    '__captcha/site/captcha' => 'zppawam'
    '__captcha/site/captchacount' => 1
]

$_SERVER = [
    'UNIQUE_ID' => 'WFN9KcCoQb8AAWFv984AAAAI'
    'HTTP_HOST' => '127.0.0.1'
    'HTTP_CONNECTION' => 'keep-alive'
    'HTTP_CACHE_CONTROL' => 'max-age=0'
    'HTTP_ACCEPT' => 'text/html,application/xhtml+xml,application/xml;q=0.9,image/webp,*/*;q=0.8'
    'HTTP_UPGRADE_INSECURE_REQUESTS' => '1'
    'HTTP_USER_AGENT' => 'Mozilla/5.0 (Macintosh; Intel Mac OS X 10_11_5) AppleWebKit/537.36 (KHTML, like Gecko) Chrome/50.0.2661.94 Safari/537.36'
    'HTTP_REFERER' => 'http://127.0.0.1/icand/'
    'HTTP_ACCEPT_ENCODING' => 'gzip, deflate, sdch'
    'HTTP_ACCEPT_LANGUAGE' => 'zh-CN,zh;q=0.8,en;q=0.6'
    'HTTP_COOKIE' => 'PHPSESSID=glm8r71k04ous9i6esk066ng92; _csrf=c71f4cded87335507d4a70ed51487e1156738bb09fc8e48a63e2fc9bf9ccc997a%3A2%3A%7Bi%3A0%3Bs%3A5%3A%22_csrf%22%3Bi%3A1%3Bs%3A32%3A%22TAVDlaMpUsRpqXjqZg1q4ji8BP2UOQ3j%22%3B%7D'
    'PATH' => '/usr/bin:/bin:/usr/sbin:/sbin'
    'DYLD_LIBRARY_PATH' => '/Applications/XAMPP/xamppfiles/lib'
    'SERVER_SIGNATURE' => ''
    'SERVER_SOFTWARE' => 'Apache/2.4.18 (Unix) OpenSSL/1.0.2h PHP/5.6.23 mod_perl/2.0.8-dev Perl/v5.16.3'
    'SERVER_NAME' => '127.0.0.1'
    'SERVER_ADDR' => '127.0.0.1'
    'SERVER_PORT' => '80'
    'REMOTE_ADDR' => '127.0.0.1'
    'DOCUMENT_ROOT' => '/Applications/XAMPP/xamppfiles/htdocs'
    'REQUEST_SCHEME' => 'http'
    'CONTEXT_PREFIX' => ''
    'CONTEXT_DOCUMENT_ROOT' => '/Applications/XAMPP/xamppfiles/htdocs'
    'SERVER_ADMIN' => 'you@example.com'
    'SCRIPT_FILENAME' => '/Applications/XAMPP/xamppfiles/htdocs/icand/web/index.php'
    'REMOTE_PORT' => '59546'
    'GATEWAY_INTERFACE' => 'CGI/1.1'
    'SERVER_PROTOCOL' => 'HTTP/1.1'
    'REQUEST_METHOD' => 'GET'
    'QUERY_STRING' => ''
    'REQUEST_URI' => '/icand/web/'
    'SCRIPT_NAME' => '/icand/web/index.php'
    'PHP_SELF' => '/icand/web/index.php'
    'REQUEST_TIME_FLOAT' => 1481866537.07
    'REQUEST_TIME' => 1481866537
]
2016-12-16 06:35:40 [127.0.0.1][-][-][error][yii\i18n\PhpMessageSource::loadFallbackMessages] The message file for category 'yii' does not exist: /Applications/XAMPP/xamppfiles/htdocs/icand/vendor/yiisoft/yii2/messages/zn-CN/yii.php Fallback file does not exist as well: /Applications/XAMPP/xamppfiles/htdocs/icand/vendor/yiisoft/yii2/messages/zn/yii.php
    in /Applications/XAMPP/xamppfiles/htdocs/icand/views/site/contact.php:46
    in /Applications/XAMPP/xamppfiles/htdocs/icand/controllers/SiteController.php:113
2016-12-16 06:35:40 [127.0.0.1][-][-][info][application] $_GET = [
    'r' => 'site/contact'
]

$_COOKIE = [
    'PHPSESSID' => 'glm8r71k04ous9i6esk066ng92'
    '_csrf' => 'c71f4cded87335507d4a70ed51487e1156738bb09fc8e48a63e2fc9bf9ccc997a:2:{i:0;s:5:\"_csrf\";i:1;s:32:\"TAVDlaMpUsRpqXjqZg1q4ji8BP2UOQ3j\";}'
]

$_SESSION = [
    '__flash' => []
    '__captcha/site/captcha' => 'zppawam'
    '__captcha/site/captchacount' => 1
]

$_SERVER = [
    'UNIQUE_ID' => 'WFN9LMCoQb8AAWD@HyAAAAAH'
    'HTTP_HOST' => '127.0.0.1'
    'HTTP_CONNECTION' => 'keep-alive'
    'HTTP_ACCEPT' => 'text/html,application/xhtml+xml,application/xml;q=0.9,image/webp,*/*;q=0.8'
    'HTTP_UPGRADE_INSECURE_REQUESTS' => '1'
    'HTTP_USER_AGENT' => 'Mozilla/5.0 (Macintosh; Intel Mac OS X 10_11_5) AppleWebKit/537.36 (KHTML, like Gecko) Chrome/50.0.2661.94 Safari/537.36'
    'HTTP_REFERER' => 'http://127.0.0.1/icand/web/'
    'HTTP_ACCEPT_ENCODING' => 'gzip, deflate, sdch'
    'HTTP_ACCEPT_LANGUAGE' => 'zh-CN,zh;q=0.8,en;q=0.6'
    'HTTP_COOKIE' => 'PHPSESSID=glm8r71k04ous9i6esk066ng92; _csrf=c71f4cded87335507d4a70ed51487e1156738bb09fc8e48a63e2fc9bf9ccc997a%3A2%3A%7Bi%3A0%3Bs%3A5%3A%22_csrf%22%3Bi%3A1%3Bs%3A32%3A%22TAVDlaMpUsRpqXjqZg1q4ji8BP2UOQ3j%22%3B%7D'
    'PATH' => '/usr/bin:/bin:/usr/sbin:/sbin'
    'DYLD_LIBRARY_PATH' => '/Applications/XAMPP/xamppfiles/lib'
    'SERVER_SIGNATURE' => ''
    'SERVER_SOFTWARE' => 'Apache/2.4.18 (Unix) OpenSSL/1.0.2h PHP/5.6.23 mod_perl/2.0.8-dev Perl/v5.16.3'
    'SERVER_NAME' => '127.0.0.1'
    'SERVER_ADDR' => '127.0.0.1'
    'SERVER_PORT' => '80'
    'REMOTE_ADDR' => '127.0.0.1'
    'DOCUMENT_ROOT' => '/Applications/XAMPP/xamppfiles/htdocs'
    'REQUEST_SCHEME' => 'http'
    'CONTEXT_PREFIX' => ''
    'CONTEXT_DOCUMENT_ROOT' => '/Applications/XAMPP/xamppfiles/htdocs'
    'SERVER_ADMIN' => 'you@example.com'
    'SCRIPT_FILENAME' => '/Applications/XAMPP/xamppfiles/htdocs/icand/web/index.php'
    'REMOTE_PORT' => '59547'
    'GATEWAY_INTERFACE' => 'CGI/1.1'
    'SERVER_PROTOCOL' => 'HTTP/1.1'
    'REQUEST_METHOD' => 'GET'
    'QUERY_STRING' => 'r=site%2Fcontact'
    'REQUEST_URI' => '/icand/web/index.php?r=site%2Fcontact'
    'SCRIPT_NAME' => '/icand/web/index.php'
    'PHP_SELF' => '/icand/web/index.php'
    'REQUEST_TIME_FLOAT' => 1481866540.222
    'REQUEST_TIME' => 1481866540
]
2016-12-16 06:35:56 [127.0.0.1][-][-][error][yii\i18n\PhpMessageSource::loadFallbackMessages] The message file for category 'yii' does not exist: /Applications/XAMPP/xamppfiles/htdocs/icand/vendor/yiisoft/yii2/messages/zn-CN/yii.php Fallback file does not exist as well: /Applications/XAMPP/xamppfiles/htdocs/icand/vendor/yiisoft/yii2/messages/zn/yii.php
    in /Applications/XAMPP/xamppfiles/htdocs/icand/views/layouts/main.php:71
    in /Applications/XAMPP/xamppfiles/htdocs/icand/controllers/SiteController.php:63
2016-12-16 06:35:56 [127.0.0.1][-][-][info][application] $_GET = [
    'r' => 'site/index'
]

$_COOKIE = [
    'PHPSESSID' => 'glm8r71k04ous9i6esk066ng92'
    '_csrf' => 'c71f4cded87335507d4a70ed51487e1156738bb09fc8e48a63e2fc9bf9ccc997a:2:{i:0;s:5:\"_csrf\";i:1;s:32:\"TAVDlaMpUsRpqXjqZg1q4ji8BP2UOQ3j\";}'
]

$_SESSION = [
    '__flash' => []
    '__captcha/site/captcha' => 'zppawam'
    '__captcha/site/captchacount' => 1
]

$_SERVER = [
    'UNIQUE_ID' => 'WFN9PMCoQb8AARjAFLYAAAAD'
    'HTTP_HOST' => '127.0.0.1'
    'HTTP_CONNECTION' => 'keep-alive'
    'HTTP_ACCEPT' => 'text/html,application/xhtml+xml,application/xml;q=0.9,image/webp,*/*;q=0.8'
    'HTTP_UPGRADE_INSECURE_REQUESTS' => '1'
    'HTTP_USER_AGENT' => 'Mozilla/5.0 (Macintosh; Intel Mac OS X 10_11_5) AppleWebKit/537.36 (KHTML, like Gecko) Chrome/50.0.2661.94 Safari/537.36'
    'HTTP_REFERER' => 'http://127.0.0.1/icand/web/index.php?r=site%2Fcontact'
    'HTTP_ACCEPT_ENCODING' => 'gzip, deflate, sdch'
    'HTTP_ACCEPT_LANGUAGE' => 'zh-CN,zh;q=0.8,en;q=0.6'
    'HTTP_COOKIE' => 'PHPSESSID=glm8r71k04ous9i6esk066ng92; _csrf=c71f4cded87335507d4a70ed51487e1156738bb09fc8e48a63e2fc9bf9ccc997a%3A2%3A%7Bi%3A0%3Bs%3A5%3A%22_csrf%22%3Bi%3A1%3Bs%3A32%3A%22TAVDlaMpUsRpqXjqZg1q4ji8BP2UOQ3j%22%3B%7D'
    'PATH' => '/usr/bin:/bin:/usr/sbin:/sbin'
    'DYLD_LIBRARY_PATH' => '/Applications/XAMPP/xamppfiles/lib'
    'SERVER_SIGNATURE' => ''
    'SERVER_SOFTWARE' => 'Apache/2.4.18 (Unix) OpenSSL/1.0.2h PHP/5.6.23 mod_perl/2.0.8-dev Perl/v5.16.3'
    'SERVER_NAME' => '127.0.0.1'
    'SERVER_ADDR' => '127.0.0.1'
    'SERVER_PORT' => '80'
    'REMOTE_ADDR' => '127.0.0.1'
    'DOCUMENT_ROOT' => '/Applications/XAMPP/xamppfiles/htdocs'
    'REQUEST_SCHEME' => 'http'
    'CONTEXT_PREFIX' => ''
    'CONTEXT_DOCUMENT_ROOT' => '/Applications/XAMPP/xamppfiles/htdocs'
    'SERVER_ADMIN' => 'you@example.com'
    'SCRIPT_FILENAME' => '/Applications/XAMPP/xamppfiles/htdocs/icand/web/index.php'
    'REMOTE_PORT' => '59566'
    'GATEWAY_INTERFACE' => 'CGI/1.1'
    'SERVER_PROTOCOL' => 'HTTP/1.1'
    'REQUEST_METHOD' => 'GET'
    'QUERY_STRING' => 'r=site%2Findex'
    'REQUEST_URI' => '/icand/web/index.php?r=site%2Findex'
    'SCRIPT_NAME' => '/icand/web/index.php'
    'PHP_SELF' => '/icand/web/index.php'
    'REQUEST_TIME_FLOAT' => 1481866556.751
    'REQUEST_TIME' => 1481866556
]
2016-12-16 06:35:57 [127.0.0.1][-][-][error][yii\i18n\PhpMessageSource::loadFallbackMessages] The message file for category 'yii' does not exist: /Applications/XAMPP/xamppfiles/htdocs/icand/vendor/yiisoft/yii2/messages/zn-CN/yii.php Fallback file does not exist as well: /Applications/XAMPP/xamppfiles/htdocs/icand/vendor/yiisoft/yii2/messages/zn/yii.php
    in /Applications/XAMPP/xamppfiles/htdocs/icand/views/layouts/main.php:62
    in /Applications/XAMPP/xamppfiles/htdocs/icand/controllers/SiteController.php:123
2016-12-16 06:35:57 [127.0.0.1][-][-][info][application] $_GET = [
    'r' => 'site/about'
]

$_COOKIE = [
    'PHPSESSID' => 'glm8r71k04ous9i6esk066ng92'
    '_csrf' => 'c71f4cded87335507d4a70ed51487e1156738bb09fc8e48a63e2fc9bf9ccc997a:2:{i:0;s:5:\"_csrf\";i:1;s:32:\"TAVDlaMpUsRpqXjqZg1q4ji8BP2UOQ3j\";}'
]

$_SESSION = [
    '__flash' => []
    '__captcha/site/captcha' => 'zppawam'
    '__captcha/site/captchacount' => 1
]

$_SERVER = [
    'UNIQUE_ID' => 'WFN9PcCoQb8AARjAFLgAAAAD'
    'HTTP_HOST' => '127.0.0.1'
    'HTTP_CONNECTION' => 'keep-alive'
    'HTTP_ACCEPT' => 'text/html,application/xhtml+xml,application/xml;q=0.9,image/webp,*/*;q=0.8'
    'HTTP_UPGRADE_INSECURE_REQUESTS' => '1'
    'HTTP_USER_AGENT' => 'Mozilla/5.0 (Macintosh; Intel Mac OS X 10_11_5) AppleWebKit/537.36 (KHTML, like Gecko) Chrome/50.0.2661.94 Safari/537.36'
    'HTTP_REFERER' => 'http://127.0.0.1/icand/web/index.php?r=site%2Findex'
    'HTTP_ACCEPT_ENCODING' => 'gzip, deflate, sdch'
    'HTTP_ACCEPT_LANGUAGE' => 'zh-CN,zh;q=0.8,en;q=0.6'
    'HTTP_COOKIE' => 'PHPSESSID=glm8r71k04ous9i6esk066ng92; _csrf=c71f4cded87335507d4a70ed51487e1156738bb09fc8e48a63e2fc9bf9ccc997a%3A2%3A%7Bi%3A0%3Bs%3A5%3A%22_csrf%22%3Bi%3A1%3Bs%3A32%3A%22TAVDlaMpUsRpqXjqZg1q4ji8BP2UOQ3j%22%3B%7D'
    'PATH' => '/usr/bin:/bin:/usr/sbin:/sbin'
    'DYLD_LIBRARY_PATH' => '/Applications/XAMPP/xamppfiles/lib'
    'SERVER_SIGNATURE' => ''
    'SERVER_SOFTWARE' => 'Apache/2.4.18 (Unix) OpenSSL/1.0.2h PHP/5.6.23 mod_perl/2.0.8-dev Perl/v5.16.3'
    'SERVER_NAME' => '127.0.0.1'
    'SERVER_ADDR' => '127.0.0.1'
    'SERVER_PORT' => '80'
    'REMOTE_ADDR' => '127.0.0.1'
    'DOCUMENT_ROOT' => '/Applications/XAMPP/xamppfiles/htdocs'
    'REQUEST_SCHEME' => 'http'
    'CONTEXT_PREFIX' => ''
    'CONTEXT_DOCUMENT_ROOT' => '/Applications/XAMPP/xamppfiles/htdocs'
    'SERVER_ADMIN' => 'you@example.com'
    'SCRIPT_FILENAME' => '/Applications/XAMPP/xamppfiles/htdocs/icand/web/index.php'
    'REMOTE_PORT' => '59566'
    'GATEWAY_INTERFACE' => 'CGI/1.1'
    'SERVER_PROTOCOL' => 'HTTP/1.1'
    'REQUEST_METHOD' => 'GET'
    'QUERY_STRING' => 'r=site%2Fabout'
    'REQUEST_URI' => '/icand/web/index.php?r=site%2Fabout'
    'SCRIPT_NAME' => '/icand/web/index.php'
    'PHP_SELF' => '/icand/web/index.php'
    'REQUEST_TIME_FLOAT' => 1481866557.641
    'REQUEST_TIME' => 1481866557
]
2016-12-16 06:36:00 [127.0.0.1][-][-][error][yii\i18n\PhpMessageSource::loadFallbackMessages] The message file for category 'yii' does not exist: /Applications/XAMPP/xamppfiles/htdocs/icand/vendor/yiisoft/yii2/messages/zn-CN/yii.php Fallback file does not exist as well: /Applications/XAMPP/xamppfiles/htdocs/icand/vendor/yiisoft/yii2/messages/zn/yii.php
    in /Applications/XAMPP/xamppfiles/htdocs/icand/views/site/contact.php:46
    in /Applications/XAMPP/xamppfiles/htdocs/icand/controllers/SiteController.php:113
2016-12-16 06:36:00 [127.0.0.1][-][-][info][application] $_GET = [
    'r' => 'site/contact'
]

$_COOKIE = [
    'PHPSESSID' => 'glm8r71k04ous9i6esk066ng92'
    '_csrf' => 'c71f4cded87335507d4a70ed51487e1156738bb09fc8e48a63e2fc9bf9ccc997a:2:{i:0;s:5:\"_csrf\";i:1;s:32:\"TAVDlaMpUsRpqXjqZg1q4ji8BP2UOQ3j\";}'
]

$_SESSION = [
    '__flash' => []
    '__captcha/site/captcha' => 'zppawam'
    '__captcha/site/captchacount' => 1
]

$_SERVER = [
    'UNIQUE_ID' => 'WFN9QMCoQb8AARjAFLoAAAAD'
    'HTTP_HOST' => '127.0.0.1'
    'HTTP_CONNECTION' => 'keep-alive'
    'HTTP_ACCEPT' => 'text/html,application/xhtml+xml,application/xml;q=0.9,image/webp,*/*;q=0.8'
    'HTTP_UPGRADE_INSECURE_REQUESTS' => '1'
    'HTTP_USER_AGENT' => 'Mozilla/5.0 (Macintosh; Intel Mac OS X 10_11_5) AppleWebKit/537.36 (KHTML, like Gecko) Chrome/50.0.2661.94 Safari/537.36'
    'HTTP_REFERER' => 'http://127.0.0.1/icand/web/index.php?r=site%2Fabout'
    'HTTP_ACCEPT_ENCODING' => 'gzip, deflate, sdch'
    'HTTP_ACCEPT_LANGUAGE' => 'zh-CN,zh;q=0.8,en;q=0.6'
    'HTTP_COOKIE' => 'PHPSESSID=glm8r71k04ous9i6esk066ng92; _csrf=c71f4cded87335507d4a70ed51487e1156738bb09fc8e48a63e2fc9bf9ccc997a%3A2%3A%7Bi%3A0%3Bs%3A5%3A%22_csrf%22%3Bi%3A1%3Bs%3A32%3A%22TAVDlaMpUsRpqXjqZg1q4ji8BP2UOQ3j%22%3B%7D'
    'PATH' => '/usr/bin:/bin:/usr/sbin:/sbin'
    'DYLD_LIBRARY_PATH' => '/Applications/XAMPP/xamppfiles/lib'
    'SERVER_SIGNATURE' => ''
    'SERVER_SOFTWARE' => 'Apache/2.4.18 (Unix) OpenSSL/1.0.2h PHP/5.6.23 mod_perl/2.0.8-dev Perl/v5.16.3'
    'SERVER_NAME' => '127.0.0.1'
    'SERVER_ADDR' => '127.0.0.1'
    'SERVER_PORT' => '80'
    'REMOTE_ADDR' => '127.0.0.1'
    'DOCUMENT_ROOT' => '/Applications/XAMPP/xamppfiles/htdocs'
    'REQUEST_SCHEME' => 'http'
    'CONTEXT_PREFIX' => ''
    'CONTEXT_DOCUMENT_ROOT' => '/Applications/XAMPP/xamppfiles/htdocs'
    'SERVER_ADMIN' => 'you@example.com'
    'SCRIPT_FILENAME' => '/Applications/XAMPP/xamppfiles/htdocs/icand/web/index.php'
    'REMOTE_PORT' => '59566'
    'GATEWAY_INTERFACE' => 'CGI/1.1'
    'SERVER_PROTOCOL' => 'HTTP/1.1'
    'REQUEST_METHOD' => 'GET'
    'QUERY_STRING' => 'r=site%2Fcontact'
    'REQUEST_URI' => '/icand/web/index.php?r=site%2Fcontact'
    'SCRIPT_NAME' => '/icand/web/index.php'
    'PHP_SELF' => '/icand/web/index.php'
    'REQUEST_TIME_FLOAT' => 1481866560.591
    'REQUEST_TIME' => 1481866560
]
2016-12-16 06:36:01 [127.0.0.1][-][-][error][yii\i18n\PhpMessageSource::loadFallbackMessages] The message file for category 'yii' does not exist: /Applications/XAMPP/xamppfiles/htdocs/icand/vendor/yiisoft/yii2/messages/zn-CN/yii.php Fallback file does not exist as well: /Applications/XAMPP/xamppfiles/htdocs/icand/vendor/yiisoft/yii2/messages/zn/yii.php
    in /Applications/XAMPP/xamppfiles/htdocs/icand/views/site/login.php:27
    in /Applications/XAMPP/xamppfiles/htdocs/icand/controllers/SiteController.php:83
2016-12-16 06:36:01 [127.0.0.1][-][-][info][application] $_GET = [
    'r' => 'site/login'
]

$_COOKIE = [
    'PHPSESSID' => 'glm8r71k04ous9i6esk066ng92'
    '_csrf' => 'c71f4cded87335507d4a70ed51487e1156738bb09fc8e48a63e2fc9bf9ccc997a:2:{i:0;s:5:\"_csrf\";i:1;s:32:\"TAVDlaMpUsRpqXjqZg1q4ji8BP2UOQ3j\";}'
]

$_SESSION = [
    '__flash' => []
    '__captcha/site/captcha' => 'zppawam'
    '__captcha/site/captchacount' => 1
]

$_SERVER = [
    'UNIQUE_ID' => 'WFN9QcCoQb8AAV80B9EAAAAB'
    'HTTP_HOST' => '127.0.0.1'
    'HTTP_CONNECTION' => 'keep-alive'
    'HTTP_ACCEPT' => 'text/html,application/xhtml+xml,application/xml;q=0.9,image/webp,*/*;q=0.8'
    'HTTP_UPGRADE_INSECURE_REQUESTS' => '1'
    'HTTP_USER_AGENT' => 'Mozilla/5.0 (Macintosh; Intel Mac OS X 10_11_5) AppleWebKit/537.36 (KHTML, like Gecko) Chrome/50.0.2661.94 Safari/537.36'
    'HTTP_REFERER' => 'http://127.0.0.1/icand/web/index.php?r=site%2Fcontact'
    'HTTP_ACCEPT_ENCODING' => 'gzip, deflate, sdch'
    'HTTP_ACCEPT_LANGUAGE' => 'zh-CN,zh;q=0.8,en;q=0.6'
    'HTTP_COOKIE' => 'PHPSESSID=glm8r71k04ous9i6esk066ng92; _csrf=c71f4cded87335507d4a70ed51487e1156738bb09fc8e48a63e2fc9bf9ccc997a%3A2%3A%7Bi%3A0%3Bs%3A5%3A%22_csrf%22%3Bi%3A1%3Bs%3A32%3A%22TAVDlaMpUsRpqXjqZg1q4ji8BP2UOQ3j%22%3B%7D'
    'PATH' => '/usr/bin:/bin:/usr/sbin:/sbin'
    'DYLD_LIBRARY_PATH' => '/Applications/XAMPP/xamppfiles/lib'
    'SERVER_SIGNATURE' => ''
    'SERVER_SOFTWARE' => 'Apache/2.4.18 (Unix) OpenSSL/1.0.2h PHP/5.6.23 mod_perl/2.0.8-dev Perl/v5.16.3'
    'SERVER_NAME' => '127.0.0.1'
    'SERVER_ADDR' => '127.0.0.1'
    'SERVER_PORT' => '80'
    'REMOTE_ADDR' => '127.0.0.1'
    'DOCUMENT_ROOT' => '/Applications/XAMPP/xamppfiles/htdocs'
    'REQUEST_SCHEME' => 'http'
    'CONTEXT_PREFIX' => ''
    'CONTEXT_DOCUMENT_ROOT' => '/Applications/XAMPP/xamppfiles/htdocs'
    'SERVER_ADMIN' => 'you@example.com'
    'SCRIPT_FILENAME' => '/Applications/XAMPP/xamppfiles/htdocs/icand/web/index.php'
    'REMOTE_PORT' => '59571'
    'GATEWAY_INTERFACE' => 'CGI/1.1'
    'SERVER_PROTOCOL' => 'HTTP/1.1'
    'REQUEST_METHOD' => 'GET'
    'QUERY_STRING' => 'r=site%2Flogin'
    'REQUEST_URI' => '/icand/web/index.php?r=site%2Flogin'
    'SCRIPT_NAME' => '/icand/web/index.php'
    'PHP_SELF' => '/icand/web/index.php'
    'REQUEST_TIME_FLOAT' => 1481866561.707
    'REQUEST_TIME' => 1481866561
]
2016-12-16 06:36:02 [127.0.0.1][-][-][error][yii\i18n\PhpMessageSource::loadFallbackMessages] The message file for category 'yii' does not exist: /Applications/XAMPP/xamppfiles/htdocs/icand/vendor/yiisoft/yii2/messages/zn-CN/yii.php Fallback file does not exist as well: /Applications/XAMPP/xamppfiles/htdocs/icand/vendor/yiisoft/yii2/messages/zn/yii.php
    in /Applications/XAMPP/xamppfiles/htdocs/icand/views/site/contact.php:46
    in /Applications/XAMPP/xamppfiles/htdocs/icand/controllers/SiteController.php:113
2016-12-16 06:36:02 [127.0.0.1][-][-][info][application] $_GET = [
    'r' => 'site/contact'
]

$_COOKIE = [
    'PHPSESSID' => 'glm8r71k04ous9i6esk066ng92'
    '_csrf' => 'c71f4cded87335507d4a70ed51487e1156738bb09fc8e48a63e2fc9bf9ccc997a:2:{i:0;s:5:\"_csrf\";i:1;s:32:\"TAVDlaMpUsRpqXjqZg1q4ji8BP2UOQ3j\";}'
]

$_SESSION = [
    '__flash' => []
    '__captcha/site/captcha' => 'zppawam'
    '__captcha/site/captchacount' => 1
]

$_SERVER = [
    'UNIQUE_ID' => 'WFN9QsCoQb8AAV80B9MAAAAB'
    'HTTP_HOST' => '127.0.0.1'
    'HTTP_CONNECTION' => 'keep-alive'
    'HTTP_ACCEPT' => 'text/html,application/xhtml+xml,application/xml;q=0.9,image/webp,*/*;q=0.8'
    'HTTP_UPGRADE_INSECURE_REQUESTS' => '1'
    'HTTP_USER_AGENT' => 'Mozilla/5.0 (Macintosh; Intel Mac OS X 10_11_5) AppleWebKit/537.36 (KHTML, like Gecko) Chrome/50.0.2661.94 Safari/537.36'
    'HTTP_REFERER' => 'http://127.0.0.1/icand/web/index.php?r=site%2Flogin'
    'HTTP_ACCEPT_ENCODING' => 'gzip, deflate, sdch'
    'HTTP_ACCEPT_LANGUAGE' => 'zh-CN,zh;q=0.8,en;q=0.6'
    'HTTP_COOKIE' => 'PHPSESSID=glm8r71k04ous9i6esk066ng92; _csrf=c71f4cded87335507d4a70ed51487e1156738bb09fc8e48a63e2fc9bf9ccc997a%3A2%3A%7Bi%3A0%3Bs%3A5%3A%22_csrf%22%3Bi%3A1%3Bs%3A32%3A%22TAVDlaMpUsRpqXjqZg1q4ji8BP2UOQ3j%22%3B%7D'
    'PATH' => '/usr/bin:/bin:/usr/sbin:/sbin'
    'DYLD_LIBRARY_PATH' => '/Applications/XAMPP/xamppfiles/lib'
    'SERVER_SIGNATURE' => ''
    'SERVER_SOFTWARE' => 'Apache/2.4.18 (Unix) OpenSSL/1.0.2h PHP/5.6.23 mod_perl/2.0.8-dev Perl/v5.16.3'
    'SERVER_NAME' => '127.0.0.1'
    'SERVER_ADDR' => '127.0.0.1'
    'SERVER_PORT' => '80'
    'REMOTE_ADDR' => '127.0.0.1'
    'DOCUMENT_ROOT' => '/Applications/XAMPP/xamppfiles/htdocs'
    'REQUEST_SCHEME' => 'http'
    'CONTEXT_PREFIX' => ''
    'CONTEXT_DOCUMENT_ROOT' => '/Applications/XAMPP/xamppfiles/htdocs'
    'SERVER_ADMIN' => 'you@example.com'
    'SCRIPT_FILENAME' => '/Applications/XAMPP/xamppfiles/htdocs/icand/web/index.php'
    'REMOTE_PORT' => '59571'
    'GATEWAY_INTERFACE' => 'CGI/1.1'
    'SERVER_PROTOCOL' => 'HTTP/1.1'
    'REQUEST_METHOD' => 'GET'
    'QUERY_STRING' => 'r=site%2Fcontact'
    'REQUEST_URI' => '/icand/web/index.php?r=site%2Fcontact'
    'SCRIPT_NAME' => '/icand/web/index.php'
    'PHP_SELF' => '/icand/web/index.php'
    'REQUEST_TIME_FLOAT' => 1481866562.911
    'REQUEST_TIME' => 1481866562
]
2016-12-16 06:46:23 [127.0.0.1][-][-][error][yii\i18n\PhpMessageSource::loadFallbackMessages] The message file for category 'yii' does not exist: /Applications/XAMPP/xamppfiles/htdocs/icand/vendor/yiisoft/yii2/messages/zn-CN/yii.php Fallback file does not exist as well: /Applications/XAMPP/xamppfiles/htdocs/icand/vendor/yiisoft/yii2/messages/zn/yii.php
    in /Applications/XAMPP/xamppfiles/htdocs/icand/views/site/contact.php:46
    in /Applications/XAMPP/xamppfiles/htdocs/icand/controllers/SiteController.php:113
2016-12-16 06:46:22 [127.0.0.1][-][-][info][application] $_GET = [
    'r' => 'site/contact'
]

$_COOKIE = [
    'PHPSESSID' => 'glm8r71k04ous9i6esk066ng92'
    '_csrf' => 'c71f4cded87335507d4a70ed51487e1156738bb09fc8e48a63e2fc9bf9ccc997a:2:{i:0;s:5:\"_csrf\";i:1;s:32:\"TAVDlaMpUsRpqXjqZg1q4ji8BP2UOQ3j\";}'
]

$_SESSION = [
    '__flash' => []
    '__captcha/site/captcha' => 'zppawam'
    '__captcha/site/captchacount' => 1
]

$_SERVER = [
    'UNIQUE_ID' => 'WFN-rsCoQb8AAWrgFOYAAAAA'
    'HTTP_HOST' => '127.0.0.1'
    'HTTP_CONNECTION' => 'keep-alive'
    'HTTP_CACHE_CONTROL' => 'max-age=0'
    'HTTP_ACCEPT' => 'text/html,application/xhtml+xml,application/xml;q=0.9,image/webp,*/*;q=0.8'
    'HTTP_UPGRADE_INSECURE_REQUESTS' => '1'
    'HTTP_USER_AGENT' => 'Mozilla/5.0 (Macintosh; Intel Mac OS X 10_11_5) AppleWebKit/537.36 (KHTML, like Gecko) Chrome/50.0.2661.94 Safari/537.36'
    'HTTP_REFERER' => 'http://127.0.0.1/icand/web/index.php?r=site%2Flogin'
    'HTTP_ACCEPT_ENCODING' => 'gzip, deflate, sdch'
    'HTTP_ACCEPT_LANGUAGE' => 'zh-CN,zh;q=0.8,en;q=0.6'
    'HTTP_COOKIE' => 'PHPSESSID=glm8r71k04ous9i6esk066ng92; _csrf=c71f4cded87335507d4a70ed51487e1156738bb09fc8e48a63e2fc9bf9ccc997a%3A2%3A%7Bi%3A0%3Bs%3A5%3A%22_csrf%22%3Bi%3A1%3Bs%3A32%3A%22TAVDlaMpUsRpqXjqZg1q4ji8BP2UOQ3j%22%3B%7D'
    'PATH' => '/usr/bin:/bin:/usr/sbin:/sbin'
    'DYLD_LIBRARY_PATH' => '/Applications/XAMPP/xamppfiles/lib'
    'SERVER_SIGNATURE' => ''
    'SERVER_SOFTWARE' => 'Apache/2.4.18 (Unix) OpenSSL/1.0.2h PHP/5.6.23 mod_perl/2.0.8-dev Perl/v5.16.3'
    'SERVER_NAME' => '127.0.0.1'
    'SERVER_ADDR' => '127.0.0.1'
    'SERVER_PORT' => '80'
    'REMOTE_ADDR' => '127.0.0.1'
    'DOCUMENT_ROOT' => '/Applications/XAMPP/xamppfiles/htdocs'
    'REQUEST_SCHEME' => 'http'
    'CONTEXT_PREFIX' => ''
    'CONTEXT_DOCUMENT_ROOT' => '/Applications/XAMPP/xamppfiles/htdocs'
    'SERVER_ADMIN' => 'you@example.com'
    'SCRIPT_FILENAME' => '/Applications/XAMPP/xamppfiles/htdocs/icand/web/index.php'
    'REMOTE_PORT' => '60085'
    'GATEWAY_INTERFACE' => 'CGI/1.1'
    'SERVER_PROTOCOL' => 'HTTP/1.1'
    'REQUEST_METHOD' => 'GET'
    'QUERY_STRING' => 'r=site%2Fcontact'
    'REQUEST_URI' => '/icand/web/index.php?r=site%2Fcontact'
    'SCRIPT_NAME' => '/icand/web/index.php'
    'PHP_SELF' => '/icand/web/index.php'
    'REQUEST_TIME_FLOAT' => 1481867182.658
    'REQUEST_TIME' => 1481867182
]
2016-12-16 06:46:24 [127.0.0.1][-][-][error][yii\i18n\PhpMessageSource::loadFallbackMessages] The message file for category 'yii' does not exist: /Applications/XAMPP/xamppfiles/htdocs/icand/vendor/yiisoft/yii2/messages/zn-CN/yii.php Fallback file does not exist as well: /Applications/XAMPP/xamppfiles/htdocs/icand/vendor/yiisoft/yii2/messages/zn/yii.php
    in /Applications/XAMPP/xamppfiles/htdocs/icand/views/site/contact.php:46
    in /Applications/XAMPP/xamppfiles/htdocs/icand/controllers/SiteController.php:113
2016-12-16 06:46:24 [127.0.0.1][-][-][info][application] $_GET = [
    'r' => 'site/contact'
]

$_COOKIE = [
    'PHPSESSID' => 'glm8r71k04ous9i6esk066ng92'
    '_csrf' => 'c71f4cded87335507d4a70ed51487e1156738bb09fc8e48a63e2fc9bf9ccc997a:2:{i:0;s:5:\"_csrf\";i:1;s:32:\"TAVDlaMpUsRpqXjqZg1q4ji8BP2UOQ3j\";}'
]

$_SESSION = [
    '__flash' => []
    '__captcha/site/captcha' => 'zppawam'
    '__captcha/site/captchacount' => 1
]

$_SERVER = [
    'UNIQUE_ID' => 'WFN-sMCoQb8AAWrgFOgAAAAA'
    'HTTP_HOST' => '127.0.0.1'
    'HTTP_CONNECTION' => 'keep-alive'
    'HTTP_CACHE_CONTROL' => 'max-age=0'
    'HTTP_ACCEPT' => 'text/html,application/xhtml+xml,application/xml;q=0.9,image/webp,*/*;q=0.8'
    'HTTP_UPGRADE_INSECURE_REQUESTS' => '1'
    'HTTP_USER_AGENT' => 'Mozilla/5.0 (Macintosh; Intel Mac OS X 10_11_5) AppleWebKit/537.36 (KHTML, like Gecko) Chrome/50.0.2661.94 Safari/537.36'
    'HTTP_REFERER' => 'http://127.0.0.1/icand/web/index.php?r=site%2Flogin'
    'HTTP_ACCEPT_ENCODING' => 'gzip, deflate, sdch'
    'HTTP_ACCEPT_LANGUAGE' => 'zh-CN,zh;q=0.8,en;q=0.6'
    'HTTP_COOKIE' => 'PHPSESSID=glm8r71k04ous9i6esk066ng92; _csrf=c71f4cded87335507d4a70ed51487e1156738bb09fc8e48a63e2fc9bf9ccc997a%3A2%3A%7Bi%3A0%3Bs%3A5%3A%22_csrf%22%3Bi%3A1%3Bs%3A32%3A%22TAVDlaMpUsRpqXjqZg1q4ji8BP2UOQ3j%22%3B%7D'
    'PATH' => '/usr/bin:/bin:/usr/sbin:/sbin'
    'DYLD_LIBRARY_PATH' => '/Applications/XAMPP/xamppfiles/lib'
    'SERVER_SIGNATURE' => ''
    'SERVER_SOFTWARE' => 'Apache/2.4.18 (Unix) OpenSSL/1.0.2h PHP/5.6.23 mod_perl/2.0.8-dev Perl/v5.16.3'
    'SERVER_NAME' => '127.0.0.1'
    'SERVER_ADDR' => '127.0.0.1'
    'SERVER_PORT' => '80'
    'REMOTE_ADDR' => '127.0.0.1'
    'DOCUMENT_ROOT' => '/Applications/XAMPP/xamppfiles/htdocs'
    'REQUEST_SCHEME' => 'http'
    'CONTEXT_PREFIX' => ''
    'CONTEXT_DOCUMENT_ROOT' => '/Applications/XAMPP/xamppfiles/htdocs'
    'SERVER_ADMIN' => 'you@example.com'
    'SCRIPT_FILENAME' => '/Applications/XAMPP/xamppfiles/htdocs/icand/web/index.php'
    'REMOTE_PORT' => '60085'
    'GATEWAY_INTERFACE' => 'CGI/1.1'
    'SERVER_PROTOCOL' => 'HTTP/1.1'
    'REQUEST_METHOD' => 'GET'
    'QUERY_STRING' => 'r=site%2Fcontact'
    'REQUEST_URI' => '/icand/web/index.php?r=site%2Fcontact'
    'SCRIPT_NAME' => '/icand/web/index.php'
    'PHP_SELF' => '/icand/web/index.php'
    'REQUEST_TIME_FLOAT' => 1481867184.503
    'REQUEST_TIME' => 1481867184
]
